TN:
SF:src\config\database.js
FN:64,getDatabaseConfig
FNF:1
FNH:1
FNDA:3,getDatabaseConfig
DA:1,3
DA:7,3
DA:65,3
DA:66,3
DA:69,3
LF:5
LH:5
BRDA:10,0,0,3
BRDA:10,0,1,0
BRDA:11,1,0,0
BRDA:11,1,1,3
BRDA:27,2,0,3
BRDA:27,2,1,0
BRDA:44,3,0,3
BRDA:44,3,1,0
BRDA:65,4,0,3
BRDA:65,4,1,0
BRF:10
BRH:5
end_of_record
TN:
SF:src\controllers\BenefitController.js
FN:14,(anonymous_0)
FN:32,(anonymous_1)
FN:47,(anonymous_2)
FN:64,(anonymous_3)
FN:109,(anonymous_4)
FN:158,(anonymous_5)
FN:207,(anonymous_6)
FNF:7
FNH:7
FNDA:19,(anonymous_0)
FNDA:8,(anonymous_1)
FNDA:7,(anonymous_2)
FNDA:21,(anonymous_3)
FNDA:8,(anonymous_4)
FNDA:11,(anonymous_5)
FNDA:7,(anonymous_6)
DA:21,19
DA:22,19
DA:23,19
DA:24,19
DA:25,19
DA:33,8
DA:34,8
DA:43,8
DA:45,7
DA:47,7
DA:50,1
DA:65,21
DA:66,21
DA:68,21
DA:74,14
DA:81,7
DA:85,6
DA:95,1
DA:110,8
DA:111,8
DA:113,8
DA:115,3
DA:122,5
DA:123,2
DA:133,3
DA:134,2
DA:144,1
DA:159,11
DA:160,11
DA:162,11
DA:164,7
DA:171,4
DA:172,2
DA:182,2
DA:183,2
DA:193,0
DA:208,7
DA:209,7
DA:211,7
DA:213,2
DA:216,5
DA:217,2
DA:227,3
DA:228,2
DA:238,1
DA:249,2
LF:46
LH:45
BRDA:35,0,0,1
BRDA:35,0,1,7
BRDA:36,1,0,1
BRDA:36,1,1,7
BRDA:81,2,0,6
BRDA:81,2,1,1
BRDA:81,3,0,7
BRDA:81,3,1,4
BRDA:81,3,2,3
BRDA:81,3,3,3
BRDA:122,4,0,2
BRDA:122,4,1,3
BRDA:133,5,0,2
BRDA:133,5,1,1
BRDA:171,6,0,2
BRDA:171,6,1,2
BRDA:182,7,0,2
BRDA:182,7,1,0
BRDA:216,8,0,2
BRDA:216,8,1,3
BRDA:227,9,0,2
BRDA:227,9,1,1
BRF:22
BRH:21
end_of_record
TN:
SF:src\entities\Benefit.js
FN:16,(anonymous_0)
FN:36,(anonymous_1)
FN:51,(anonymous_2)
FN:66,(anonymous_3)
FN:74,(anonymous_4)
FN:83,(anonymous_5)
FN:92,(anonymous_6)
FN:100,(anonymous_7)
FN:108,(anonymous_8)
FN:127,(anonymous_9)
FN:152,(anonymous_10)
FN:171,(anonymous_11)
FN:186,(anonymous_12)
FN:204,(anonymous_13)
FNF:14
FNH:14
FNDA:220,(anonymous_0)
FNDA:86,(anonymous_1)
FNDA:40,(anonymous_2)
FNDA:38,(anonymous_3)
FNDA:6,(anonymous_4)
FNDA:10,(anonymous_5)
FNDA:2,(anonymous_6)
FNDA:2,(anonymous_7)
FNDA:103,(anonymous_8)
FNDA:103,(anonymous_9)
FNDA:103,(anonymous_10)
FNDA:103,(anonymous_11)
FNDA:103,(anonymous_12)
FNDA:90,(anonymous_13)
DA:17,220
DA:18,220
DA:19,220
DA:20,220
DA:21,220
DA:22,220
DA:37,86
DA:52,40
DA:67,38
DA:75,6
DA:76,6
DA:84,10
DA:85,10
DA:93,2
DA:101,2
DA:109,103
DA:111,103
DA:112,103
DA:113,103
DA:114,103
DA:116,103
DA:128,103
DA:130,103
DA:131,4
DA:132,4
DA:135,99
DA:136,99
DA:137,6
DA:138,93
DA:139,4
DA:140,89
DA:141,2
DA:144,99
DA:153,103
DA:155,103
DA:156,102
DA:157,1
DA:158,101
DA:159,3
DA:163,103
DA:172,103
DA:174,103
DA:175,2
DA:178,103
DA:187,103
DA:189,103
DA:190,1
DA:193,103
DA:194,1
DA:197,103
DA:205,90
DA:206,90
DA:207,12
DA:212,9
LF:54
LH:54
BRDA:16,0,0,90
BRDA:16,1,0,46
BRDA:16,2,0,132
BRDA:16,3,0,132
BRDA:21,4,0,220
BRDA:21,4,1,132
BRDA:22,5,0,220
BRDA:22,5,1,132
BRDA:130,6,0,4
BRDA:130,6,1,99
BRDA:136,7,0,6
BRDA:136,7,1,93
BRDA:138,8,0,4
BRDA:138,8,1,89
BRDA:140,9,0,2
BRDA:140,9,1,87
BRDA:155,10,0,102
BRDA:155,10,1,1
BRDA:155,11,0,103
BRDA:155,11,1,102
BRDA:156,12,0,1
BRDA:156,12,1,101
BRDA:158,13,0,3
BRDA:158,13,1,98
BRDA:174,14,0,2
BRDA:174,14,1,101
BRDA:189,15,0,1
BRDA:189,15,1,102
BRDA:189,16,0,103
BRDA:189,16,1,103
BRDA:193,17,0,1
BRDA:193,17,1,102
BRDA:193,18,0,103
BRDA:193,18,1,103
BRDA:206,19,0,12
BRDA:206,19,1,78
BRF:36
BRH:36
end_of_record
TN:
SF:src\infrastructure\database\connection.js
FN:9,(anonymous_0)
FN:18,(anonymous_1)
FN:50,(anonymous_2)
FN:58,(anonymous_3)
FN:69,(anonymous_4)
FN:87,(anonymous_5)
FN:106,(anonymous_6)
FNF:7
FNH:6
FNDA:3,(anonymous_0)
FNDA:20,(anonymous_1)
FNDA:0,(anonymous_2)
FNDA:2,(anonymous_3)
FNDA:18,(anonymous_4)
FNDA:2,(anonymous_5)
FNDA:4,(anonymous_6)
DA:1,3
DA:2,3
DA:10,3
DA:11,3
DA:19,20
DA:20,17
DA:23,3
DA:24,3
DA:26,3
DA:35,3
DA:36,3
DA:38,3
DA:39,3
DA:41,0
DA:42,0
DA:51,0
DA:59,2
DA:70,18
DA:71,0
DA:74,18
DA:75,18
DA:76,18
DA:78,0
DA:79,0
DA:88,2
DA:89,2
DA:90,2
DA:91,2
DA:92,2
DA:93,2
DA:95,0
DA:96,0
DA:107,4
DA:108,0
DA:111,4
DA:116,3
DA:118,3
LF:37
LH:28
BRDA:19,0,0,17
BRDA:19,0,1,3
BRDA:59,1,0,2
BRDA:59,1,1,2
BRDA:69,2,0,0
BRDA:70,3,0,0
BRDA:70,3,1,18
BRDA:88,4,0,2
BRDA:88,4,1,0
BRDA:107,5,0,0
BRDA:107,5,1,4
BRF:11
BRH:7
end_of_record
TN:
SF:src\infrastructure\database\models\BenefitModel.js
FN:10,defineBenefitModel
FN:72,(anonymous_1)
FNF:2
FNH:2
FNDA:17,defineBenefitModel
FNDA:73,(anonymous_1)
DA:1,3
DA:11,17
DA:74,73
DA:75,72
DA:79,73
DA:80,62
DA:86,17
DA:89,3
LF:8
LH:8
BRDA:74,0,0,72
BRDA:74,0,1,1
BRDA:79,1,0,62
BRDA:79,1,1,11
BRF:4
BRH:4
end_of_record
TN:
SF:src\infrastructure\web\server.js
FN:31,(anonymous_0)
FN:39,(anonymous_1)
FN:51,(anonymous_2)
FN:61,(anonymous_3)
FN:88,(anonymous_4)
FN:110,(anonymous_5)
FN:119,(anonymous_6)
FN:136,(anonymous_7)
FN:138,(anonymous_8)
FN:153,(anonymous_9)
FN:159,(anonymous_10)
FNF:11
FNH:6
FNDA:1,(anonymous_0)
FNDA:1,(anonymous_1)
FNDA:39,(anonymous_2)
FNDA:1,(anonymous_3)
FNDA:1,(anonymous_4)
FNDA:0,(anonymous_5)
FNDA:0,(anonymous_6)
FNDA:1,(anonymous_7)
FNDA:0,(anonymous_8)
FNDA:0,(anonymous_9)
FNDA:0,(anonymous_10)
DA:1,1
DA:2,1
DA:3,1
DA:6,1
DA:9,1
DA:12,1
DA:13,1
DA:14,1
DA:15,1
DA:16,1
DA:19,1
DA:22,1
DA:25,1
DA:32,1
DA:33,1
DA:41,1
DA:44,1
DA:47,1
DA:50,1
DA:51,1
DA:52,39
DA:53,39
DA:63,1
DA:66,1
DA:69,1
DA:72,1
DA:73,1
DA:74,1
DA:75,1
DA:76,1
DA:79,1
DA:88,1
DA:89,1
DA:97,1
DA:98,1
DA:101,1
DA:104,1
DA:111,0
DA:113,0
DA:116,0
DA:119,0
DA:120,0
DA:121,0
DA:122,0
DA:123,0
DA:126,0
DA:128,0
DA:129,0
DA:137,1
DA:138,0
DA:139,0
DA:141,0
DA:142,0
DA:148,1
DA:149,0
DA:150,0
DA:153,0
DA:154,0
DA:155,0
DA:156,0
DA:159,0
DA:160,0
DA:161,0
DA:162,0
DA:166,1
LF:65
LH:40
BRDA:33,0,0,1
BRDA:33,0,1,0
BRDA:50,1,0,1
BRDA:50,1,1,0
BRDA:121,2,0,0
BRDA:121,2,1,0
BRDA:137,3,0,0
BRDA:137,3,1,1
BRDA:148,4,0,0
BRDA:148,4,1,1
BRF:10
BRH:4
end_of_record
TN:
SF:src\infrastructure\web\middlewares\errorHandler.js
FN:13,errorHandler
FN:68,notFoundHandler
FNF:2
FNH:2
FNDA:1,errorHandler
FNDA:1,notFoundHandler
DA:15,1
DA:18,1
DA:19,0
DA:30,1
DA:31,0
DA:41,1
DA:42,0
DA:52,1
DA:69,1
DA:78,1
LF:10
LH:7
BRDA:18,0,0,0
BRDA:18,0,1,1
BRDA:18,1,0,1
BRDA:18,1,1,1
BRDA:18,1,2,1
BRDA:24,2,0,0
BRDA:24,2,1,0
BRDA:30,3,0,0
BRDA:30,3,1,1
BRDA:30,4,0,1
BRDA:30,4,1,1
BRDA:41,5,0,0
BRDA:41,5,1,1
BRDA:41,6,0,1
BRDA:41,6,1,1
BRDA:56,7,0,0
BRDA:56,7,1,1
BRF:17
BRH:11
end_of_record
TN:
SF:src\infrastructure\web\routes\benefitRoutes.js
FN:8,createBenefitRoutes
FN:12,(anonymous_1)
FN:15,(anonymous_2)
FN:18,(anonymous_3)
FN:21,(anonymous_4)
FN:24,(anonymous_5)
FNF:6
FNH:6
FNDA:1,createBenefitRoutes
FNDA:5,(anonymous_1)
FNDA:17,(anonymous_2)
FNDA:4,(anonymous_3)
FNDA:8,(anonymous_4)
FNDA:3,(anonymous_5)
DA:1,1
DA:9,1
DA:12,5
DA:15,17
DA:18,4
DA:21,8
DA:24,3
DA:26,1
DA:29,1
LF:9
LH:9
BRF:0
BRH:0
end_of_record
TN:
SF:src\repositories\IBenefitRepository.js
FN:13,(anonymous_0)
FN:23,(anonymous_1)
FN:37,(anonymous_2)
FN:47,(anonymous_3)
FN:57,(anonymous_4)
FN:68,(anonymous_5)
FN:79,(anonymous_6)
FN:89,(anonymous_7)
FN:100,(anonymous_8)
FN:111,(anonymous_9)
FN:121,(anonymous_10)
FNF:11
FNH:0
FNDA:0,(anonymous_0)
FNDA:0,(anonymous_1)
FNDA:0,(anonymous_2)
FNDA:0,(anonymous_3)
FNDA:0,(anonymous_4)
FNDA:0,(anonymous_5)
FNDA:0,(anonymous_6)
FNDA:0,(anonymous_7)
FNDA:0,(anonymous_8)
FNDA:0,(anonymous_9)
FNDA:0,(anonymous_10)
DA:14,0
DA:24,0
DA:38,0
DA:48,0
DA:58,0
DA:69,0
DA:80,0
DA:90,0
DA:101,0
DA:112,0
DA:122,0
DA:126,2
LF:12
LH:1
BRDA:37,0,0,0
BRDA:47,1,0,0
BRDA:57,2,0,0
BRDA:68,3,0,0
BRDA:100,4,0,0
BRDA:111,5,0,0
BRF:6
BRH:0
end_of_record
TN:
SF:src\repositories\SequelizeBenefitRepository.js
FN:13,(anonymous_0)
FN:25,(anonymous_1)
FN:47,(anonymous_2)
FN:61,(anonymous_3)
FN:88,(anonymous_4)
FN:107,(anonymous_5)
FN:121,(anonymous_6)
FN:126,(anonymous_7)
FN:137,(anonymous_8)
FN:143,(anonymous_9)
FN:154,(anonymous_10)
FN:160,(anonymous_11)
FN:172,(anonymous_12)
FN:184,(anonymous_13)
FN:196,(anonymous_14)
FN:225,(anonymous_15)
FN:242,(anonymous_16)
FN:262,(anonymous_17)
FN:283,(anonymous_18)
FNF:19
FNH:19
FNDA:2,(anonymous_0)
FNDA:91,(anonymous_1)
FNDA:58,(anonymous_2)
FNDA:13,(anonymous_3)
FNDA:51,(anonymous_4)
FNDA:15,(anonymous_5)
FNDA:7,(anonymous_6)
FNDA:10,(anonymous_7)
FNDA:2,(anonymous_8)
FNDA:3,(anonymous_9)
FNDA:2,(anonymous_10)
FNDA:3,(anonymous_11)
FNDA:2,(anonymous_12)
FNDA:2,(anonymous_13)
FNDA:9,(anonymous_14)
FNDA:3,(anonymous_15)
FNDA:5,(anonymous_16)
FNDA:17,(anonymous_17)
FNDA:2,(anonymous_18)
DA:1,2
DA:2,2
DA:14,2
DA:15,2
DA:16,2
DA:26,91
DA:27,6
DA:30,85
DA:31,85
DA:48,58
DA:62,13
DA:64,13
DA:65,1
DA:68,13
DA:69,1
DA:72,13
DA:73,1
DA:74,1
DA:77,12
DA:80,13
DA:89,51
DA:91,51
DA:93,50
DA:94,50
DA:96,50
DA:98,1
DA:108,15
DA:109,15
DA:110,15
DA:112,0
DA:122,7
DA:123,7
DA:124,7
DA:126,10
DA:128,0
DA:138,2
DA:139,2
DA:140,2
DA:142,2
DA:143,3
DA:145,0
DA:155,2
DA:156,2
DA:157,2
DA:159,2
DA:160,3
DA:162,0
DA:173,2
DA:174,2
DA:175,2
DA:177,2
DA:183,2
DA:184,2
DA:186,0
DA:197,9
DA:199,9
DA:201,8
DA:203,8
DA:208,8
DA:209,0
DA:213,8
DA:214,8
DA:216,1
DA:226,3
DA:227,3
DA:231,3
DA:233,0
DA:243,5
DA:244,5
DA:246,5
DA:247,2
DA:250,5
DA:252,0
DA:263,17
DA:264,17
DA:266,17
DA:267,1
DA:268,1
DA:271,17
DA:272,17
DA:274,0
DA:284,2
DA:285,2
DA:287,1
DA:292,2
LF:85
LH:76
BRDA:26,0,0,6
BRDA:26,0,1,85
BRDA:61,1,0,0
BRDA:64,2,0,1
BRDA:64,2,1,12
BRDA:68,3,0,1
BRDA:68,3,1,12
BRDA:72,4,0,1
BRDA:72,4,1,12
BRDA:73,5,0,1
BRDA:73,5,1,0
BRDA:121,6,0,2
BRDA:137,7,0,1
BRDA:154,8,0,1
BRDA:172,9,0,2
BRDA:208,10,0,0
BRDA:208,10,1,8
BRDA:242,11,0,3
BRDA:246,12,0,2
BRDA:246,12,1,3
BRDA:262,13,0,16
BRDA:266,14,0,1
BRDA:266,14,1,16
BRF:23
BRH:20
end_of_record
TN:
SF:src\usecases\ActivateBenefitUseCase.js
FN:9,(anonymous_0)
FN:19,(anonymous_1)
FNF:2
FNH:2
FNDA:12,(anonymous_0)
FNDA:15,(anonymous_1)
DA:10,12
DA:21,15
DA:22,6
DA:25,9
DA:27,9
DA:29,8
DA:30,2
DA:34,6
DA:35,2
DA:39,4
DA:42,4
DA:44,3
DA:46,4
DA:47,2
DA:49,2
DA:54,2
LF:16
LH:16
BRDA:21,0,0,6
BRDA:21,0,1,9
BRDA:21,1,0,15
BRDA:21,1,1,11
BRDA:21,1,2,10
BRDA:29,2,0,2
BRDA:29,2,1,6
BRDA:34,3,0,2
BRDA:34,3,1,4
BRDA:46,4,0,2
BRDA:46,4,1,2
BRF:11
BRH:11
end_of_record
TN:
SF:src\usecases\CreateBenefitUseCase.js
FN:11,(anonymous_0)
FN:24,(anonymous_1)
FNF:2
FNH:2
FNDA:13,(anonymous_0)
FNDA:29,(anonymous_1)
DA:1,2
DA:12,13
DA:26,29
DA:27,2
DA:31,27
DA:39,27
DA:42,19
DA:43,19
DA:44,2
DA:48,17
DA:50,16
DA:54,2
LF:12
LH:12
BRDA:26,0,0,2
BRDA:26,0,1,27
BRDA:26,1,0,29
BRDA:26,1,1,28
BRDA:35,2,0,1
BRDA:35,2,1,26
BRDA:43,3,0,2
BRDA:43,3,1,17
BRF:8
BRH:8
end_of_record
TN:
SF:src\usecases\DeactivateBenefitUseCase.js
FN:9,(anonymous_0)
FN:19,(anonymous_1)
FNF:2
FNH:2
FNDA:12,(anonymous_0)
FNDA:19,(anonymous_1)
DA:10,12
DA:21,19
DA:22,6
DA:25,13
DA:27,13
DA:29,12
DA:30,2
DA:34,10
DA:35,2
DA:39,8
DA:42,8
DA:44,7
DA:46,4
DA:47,2
DA:49,2
DA:54,2
LF:16
LH:16
BRDA:21,0,0,6
BRDA:21,0,1,13
BRDA:21,1,0,19
BRDA:21,1,1,15
BRDA:21,1,2,14
BRDA:29,2,0,2
BRDA:29,2,1,10
BRDA:34,3,0,2
BRDA:34,3,1,8
BRDA:46,4,0,2
BRDA:46,4,1,2
BRF:11
BRH:11
end_of_record
TN:
SF:src\usecases\DeleteBenefitUseCase.js
FN:9,(anonymous_0)
FN:19,(anonymous_1)
FNF:2
FNH:2
FNDA:12,(anonymous_0)
FNDA:14,(anonymous_1)
DA:10,12
DA:21,14
DA:22,6
DA:25,8
DA:27,8
DA:29,7
DA:30,2
DA:34,5
DA:36,4
DA:37,1
DA:40,3
DA:42,5
DA:43,2
DA:45,3
DA:50,2
LF:15
LH:15
BRDA:21,0,0,6
BRDA:21,0,1,8
BRDA:21,1,0,14
BRDA:21,1,1,10
BRDA:21,1,2,9
BRDA:29,2,0,2
BRDA:29,2,1,5
BRDA:36,3,0,1
BRDA:36,3,1,3
BRDA:42,4,0,2
BRDA:42,4,1,3
BRF:11
BRH:11
end_of_record
TN:
SF:src\usecases\ListBenefitsUseCase.js
FN:9,(anonymous_0)
FN:24,(anonymous_1)
FN:49,(anonymous_2)
FNF:3
FNH:3
FNDA:14,(anonymous_0)
FNDA:13,(anonymous_1)
FNDA:5,(anonymous_2)
DA:10,14
DA:25,13
DA:27,13
DA:28,3
DA:32,10
DA:33,2
DA:37,8
DA:39,1
DA:50,5
DA:51,5
DA:53,1
DA:58,2
LF:12
LH:12
BRDA:24,0,0,3
BRDA:27,1,0,3
BRDA:27,1,1,10
BRDA:32,2,0,2
BRDA:32,2,1,8
BRDA:49,3,0,3
BRF:6
BRH:6
end_of_record
TN:
SF:src\validators\BenefitValidator.js
FN:11,(anonymous_0)
FN:53,(anonymous_1)
FN:74,(anonymous_2)
FNF:3
FNH:3
FNDA:13,(anonymous_0)
FNDA:6,(anonymous_1)
FNDA:12,(anonymous_2)
DA:12,13
DA:14,13
DA:15,2
DA:16,2
DA:20,11
DA:21,3
DA:22,8
DA:23,2
DA:24,6
DA:25,1
DA:29,11
DA:30,5
DA:31,1
DA:32,4
DA:33,2
DA:38,11
DA:39,2
DA:42,11
DA:54,6
DA:56,6
DA:58,6
DA:59,4
DA:62,6
DA:75,12
DA:76,12
DA:79,12
DA:80,3
DA:81,3
DA:82,1
DA:84,2
DA:89,12
DA:90,3
DA:91,3
DA:92,1
DA:94,2
DA:99,12
DA:100,3
DA:101,3
DA:102,1
DA:104,2
DA:109,12
DA:110,3
DA:111,3
DA:112,1
DA:114,2
DA:119,12
DA:120,2
DA:124,12
DA:125,1
DA:128,12
DA:136,1
LF:51
LH:51
BRDA:14,0,0,2
BRDA:14,0,1,11
BRDA:14,1,0,13
BRDA:14,1,1,12
BRDA:20,2,0,3
BRDA:20,2,1,8
BRDA:20,3,0,11
BRDA:20,3,1,10
BRDA:20,3,2,9
BRDA:22,4,0,2
BRDA:22,4,1,6
BRDA:24,5,0,1
BRDA:24,5,1,5
BRDA:29,6,0,5
BRDA:29,6,1,6
BRDA:29,7,0,11
BRDA:29,7,1,5
BRDA:30,8,0,1
BRDA:30,8,1,4
BRDA:32,9,0,2
BRDA:32,9,1,2
BRDA:38,10,0,2
BRDA:38,10,1,9
BRDA:38,11,0,11
BRDA:38,11,1,3
BRDA:58,12,0,4
BRDA:58,12,1,2
BRDA:58,13,0,6
BRDA:58,13,1,4
BRDA:79,14,0,3
BRDA:79,14,1,9
BRDA:81,15,0,1
BRDA:81,15,1,2
BRDA:81,16,0,3
BRDA:81,16,1,3
BRDA:89,17,0,3
BRDA:89,17,1,9
BRDA:91,18,0,1
BRDA:91,18,1,2
BRDA:91,19,0,3
BRDA:91,19,1,3
BRDA:99,20,0,3
BRDA:99,20,1,9
BRDA:101,21,0,1
BRDA:101,21,1,2
BRDA:109,22,0,3
BRDA:109,22,1,9
BRDA:111,23,0,1
BRDA:111,23,1,2
BRDA:119,24,0,2
BRDA:119,24,1,10
BRDA:124,25,0,1
BRDA:124,25,1,11
BRF:53
BRH:53
end_of_record
