TN:
SF:src\config\database.js
FN:64,getDatabaseConfig
FNF:1
FNH:1
FNDA:1,getDatabaseConfig
DA:1,1
DA:7,1
DA:65,1
DA:66,1
DA:69,1
LF:5
LH:5
BRDA:10,0,0,1
BRDA:10,0,1,0
BRDA:11,1,0,0
BRDA:11,1,1,1
BRDA:27,2,0,1
BRDA:27,2,1,0
BRDA:44,3,0,1
BRDA:44,3,1,0
BRDA:65,4,0,1
BRDA:65,4,1,0
BRF:10
BRH:5
end_of_record
TN:
SF:src\entities\Benefit.js
FN:16,(anonymous_0)
FN:36,(anonymous_1)
FN:51,(anonymous_2)
FN:66,(anonymous_3)
FN:74,(anonymous_4)
FN:83,(anonymous_5)
FN:92,(anonymous_6)
FN:100,(anonymous_7)
FN:108,(anonymous_8)
FN:127,(anonymous_9)
FN:152,(anonymous_10)
FN:171,(anonymous_11)
FN:186,(anonymous_12)
FN:204,(anonymous_13)
FNF:14
FNH:14
FNDA:29,(anonymous_0)
FNDA:1,(anonymous_1)
FNDA:4,(anonymous_2)
FNDA:2,(anonymous_3)
FNDA:2,(anonymous_4)
FNDA:2,(anonymous_5)
FNDA:2,(anonymous_6)
FNDA:2,(anonymous_7)
FNDA:16,(anonymous_8)
FNDA:16,(anonymous_9)
FNDA:16,(anonymous_10)
FNDA:16,(anonymous_11)
FNDA:16,(anonymous_12)
FNDA:3,(anonymous_13)
DA:17,29
DA:18,29
DA:19,29
DA:20,29
DA:21,29
DA:22,29
DA:37,1
DA:52,4
DA:67,2
DA:75,2
DA:76,2
DA:84,2
DA:85,2
DA:93,2
DA:101,2
DA:109,16
DA:111,16
DA:112,16
DA:113,16
DA:114,16
DA:116,16
DA:128,16
DA:130,16
DA:131,2
DA:132,2
DA:135,14
DA:136,14
DA:137,2
DA:138,12
DA:139,2
DA:140,10
DA:141,1
DA:144,14
DA:153,16
DA:155,16
DA:156,15
DA:157,1
DA:158,14
DA:159,2
DA:163,16
DA:172,16
DA:174,16
DA:175,2
DA:178,16
DA:187,16
DA:189,16
DA:190,1
DA:193,16
DA:194,1
DA:197,16
DA:205,3
DA:206,3
DA:207,2
DA:212,1
LF:54
LH:54
BRDA:16,0,0,11
BRDA:16,1,0,15
BRDA:16,2,0,26
BRDA:16,3,0,26
BRDA:21,4,0,29
BRDA:21,4,1,26
BRDA:22,5,0,29
BRDA:22,5,1,26
BRDA:130,6,0,2
BRDA:130,6,1,14
BRDA:136,7,0,2
BRDA:136,7,1,12
BRDA:138,8,0,2
BRDA:138,8,1,10
BRDA:140,9,0,1
BRDA:140,9,1,9
BRDA:155,10,0,15
BRDA:155,10,1,1
BRDA:155,11,0,16
BRDA:155,11,1,15
BRDA:156,12,0,1
BRDA:156,12,1,14
BRDA:158,13,0,2
BRDA:158,13,1,12
BRDA:174,14,0,2
BRDA:174,14,1,14
BRDA:189,15,0,1
BRDA:189,15,1,15
BRDA:189,16,0,16
BRDA:189,16,1,16
BRDA:193,17,0,1
BRDA:193,17,1,15
BRDA:193,18,0,16
BRDA:193,18,1,16
BRDA:206,19,0,2
BRDA:206,19,1,1
BRF:36
BRH:36
end_of_record
TN:
SF:src\infrastructure\database\connection.js
FN:9,(anonymous_0)
FN:18,(anonymous_1)
FN:50,(anonymous_2)
FN:58,(anonymous_3)
FN:69,(anonymous_4)
FN:87,(anonymous_5)
FN:106,(anonymous_6)
FNF:7
FNH:6
FNDA:1,(anonymous_0)
FNDA:18,(anonymous_1)
FNDA:0,(anonymous_2)
FNDA:2,(anonymous_3)
FNDA:16,(anonymous_4)
FNDA:1,(anonymous_5)
FNDA:2,(anonymous_6)
DA:1,1
DA:2,1
DA:10,1
DA:11,1
DA:19,18
DA:20,17
DA:23,1
DA:24,1
DA:26,1
DA:35,1
DA:36,1
DA:38,1
DA:39,1
DA:41,0
DA:42,0
DA:51,0
DA:59,2
DA:70,16
DA:71,0
DA:74,16
DA:75,16
DA:76,16
DA:78,0
DA:79,0
DA:88,1
DA:89,1
DA:90,1
DA:91,1
DA:92,1
DA:93,1
DA:95,0
DA:96,0
DA:107,2
DA:108,0
DA:111,2
DA:116,1
DA:118,1
LF:37
LH:28
BRDA:19,0,0,17
BRDA:19,0,1,1
BRDA:59,1,0,2
BRDA:59,1,1,2
BRDA:69,2,0,0
BRDA:70,3,0,0
BRDA:70,3,1,16
BRDA:88,4,0,1
BRDA:88,4,1,0
BRDA:107,5,0,0
BRDA:107,5,1,2
BRF:11
BRH:7
end_of_record
TN:
SF:src\infrastructure\database\models\BenefitModel.js
FN:10,defineBenefitModel
FN:72,(anonymous_1)
FNF:2
FNH:2
FNDA:15,defineBenefitModel
FNDA:15,(anonymous_1)
DA:1,1
DA:11,15
DA:74,15
DA:75,14
DA:79,15
DA:80,4
DA:86,15
DA:89,1
LF:8
LH:8
BRDA:74,0,0,14
BRDA:74,0,1,1
BRDA:79,1,0,4
BRDA:79,1,1,11
BRF:4
BRH:4
end_of_record
